Added Pin To Net: NetName=NetC1_2 Pin=C1-2
Added Pin To Net: NetName=GND Pin=C2-2
Added Pin To Net: NetName=+5 Pin=C3-1
Added Pin To Net: NetName=GND Pin=C3-2
Added Pin To Net: NetName=GND Pin=C4-2
Added Pin To Net: NetName=NetC5_1 Pin=C5-1
Added Pin To Net: NetName=GND Pin=C5-2
Added Pin To Net: NetName=NetC5_1 Pin=C6-1
Added Pin To Net: NetName=GND Pin=C6-2
Added Pin To Net: NetName=GND Pin=C7-2
Added Pin To Net: NetName=NetC5_1 Pin=C8-1
Added Pin To Net: NetName=GND Pin=C8-2
Added Pin To Net: NetName=NetC9_2 Pin=C9-2
Added Pin To Net: NetName=+3.3v Pin=C11-1
Added Pin To Net: NetName=GND Pin=C11-2
Added Pin To Net: NetName=+3.3v Pin=C12-1
Added Pin To Net: NetName=GND Pin=C14-2
Added Pin To Net: NetName=GND Pin=C15-2
Added Pin To Net: NetName=NetC14_1 Pin=C16-1
Added Pin To Net: NetName=GND Pin=C16-2
Added Pin To Net: NetName=NetC14_1 Pin=C17-1
Added Pin To Net: NetName=GND Pin=C17-2
Added Pin To Net: NetName=NetC18_2 Pin=C18-2
Added Pin To Net: NetName=+5 Pin=J1-1
Added Pin To Net: NetName=+5 Pin=J1-3
Added Pin To Net: NetName=+5 Pin=J1-5
Added Pin To Net: NetName=+3.3v Pin=J3-1
Added Pin To Net: NetName=GND Pin=J3-2
Added Pin To Net: NetName=+3.3v Pin=J3-3
Added Pin To Net: NetName=GND Pin=J3-4
Added Pin To Net: NetName=NetC1_2 Pin=L2-1
Added Pin To Net: NetName=+5 Pin=L2-2
Added Pin To Net: NetName=NetC10_2 Pin=L4-1
Added Pin To Net: NetName=+3.3v Pin=L4-2
Added Pin To Net: NetName=NetR1_2 Pin=R1-2
Added Pin To Net: NetName=GND Pin=R2-2
Added Pin To Net: NetName=NetR3_2 Pin=R3-2
Added Pin To Net: NetName=GND Pin=R4-2
Added Pin To Net: NetName=GND Pin=U1-1
Added Pin To Net: NetName=NetC5_1 Pin=U1-2
Added Pin To Net: NetName=NetC5_1 Pin=U1-3
Added Pin To Net: NetName=GND Pin=U1-4
Added Pin To Net: NetName=NetR1_2 Pin=U1-5
Added Pin To Net: NetName=NetC9_2 Pin=U1-6
Added Pin To Net: NetName=NetC1_1 Pin=U1-7
Added Pin To Net: NetName=NetC1_2 Pin=U1-8
Added Pin To Net: NetName=GND Pin=U2-1
Added Pin To Net: NetName=NetC14_1 Pin=U2-2
Added Pin To Net: NetName=GND Pin=U2-4
Added Pin To Net: NetName=NetC18_2 Pin=U2-6
Added Pin To Net: NetName=NetC10_1 Pin=U2-7
Added Pin To Net: NetName=NetC10_2 Pin=U2-8
Change Net Color : Old Net Color=RGB(158, 161, 117) New Net Color=Default
